<?xml version="1.0" encoding="UTF-8"?>
<testsuite xmlns:xsi="http://www.w3.org/2001/XMLSchema-instance" xsi:noNamespaceSchemaLocation="https://maven.apache.org/surefire/maven-surefire-plugin/xsd/surefire-test-report.xsd" version="3.0.2" name="File_Runner.runner" time="8.561" tests="1" errors="0" skipped="0" failures="0">
  <properties>
[...]
</properties>
  <testcase name="runScenario[&quot;Check details fill in the Form&quot;, &quot;Fill Details of Simple Form&quot;](1)" classname="File_Runner.runner" time="7.743">
    <system-out><![CDATA[
Scenario: Check details fill in the Form &amp#27;[90m# src/test/resources/Features/Feature.feature:2&amp#27;[0m
  &amp#27;[32mGiven &amp#27;[0m&amp#27;[32mUser is on Simple Form Page&amp#27;[0m      &amp#27;[90m# Code_Steps.steps.user_is_on_simple_form_page()&amp#27;[0m
  &amp#27;[32mWhen &amp#27;[0m&amp#27;[32mEnter the details in the Form&amp#27;[0m     &amp#27;[90m# Code_Steps.steps.enter_the_details_in_the_form()&amp#27;[0m
  &amp#27;[32mAnd &amp#27;[0m&amp#27;[32mClick on the Submit Button&amp#27;[0m         &amp#27;[90m# Code_Steps.steps.click_on_the_submit_button()&amp#27;[0m
  &amp#27;[32mThen &amp#27;[0m&amp#27;[32mHandle the alert&amp#27;[0m                  &amp#27;[90m# Code_Steps.steps.handle_the_alert()&amp#27;[0m
  &amp#27;[32mAnd &amp#27;[0m&amp#27;[32mClose the Browser&amp#27;[0m                  &amp#27;[90m# Code_Steps.steps.close_the_browser()&amp#27;[0m
]]></system-out>
    <system-err><![CDATA[SLF4J: Failed to load class "org.slf4j.impl.StaticLoggerBinder".
SLF4J: Defaulting to no-operation (NOP) logger implementation
SLF4J: See http://www.slf4j.org/codes.html#StaticLoggerBinder for further details.
]]></system-err>
  </testcase>
</testsuite>