<?xml version="1.0" encoding="UTF-8"?>
<testng-results ignored="0" total="1" passed="1" failed="0" skipped="0">
  <reporter-output>
  </reporter-output>
  <suite started-at="2024-08-16T04:20:41 IST" name="Surefire suite" finished-at="2024-08-16T04:20:49 IST" duration-ms="8205">
    <groups>
      <group name="cucumber">
        <method signature="AbstractTestNGCucumberTests.runScenario(io.cucumber.testng.PickleWrapper,io.cucumber.testng.FeatureWrapper)[pri:0, instance:File_Runner.runner@3e3047e6]" name="runScenario" class="io.cucumber.testng.AbstractTestNGCucumberTests"/>
      </group> <!-- cucumber -->
    </groups>
    <test started-at="2024-08-16T04:20:41 IST" name="Surefire test" finished-at="2024-08-16T04:20:49 IST" duration-ms="8205">
      <class name="File_Runner.runner">
        <test-method is-config="true" signature="setUpClass(org.testng.ITestContext)[pri:0, instance:File_Runner.runner@3e3047e6]" started-at="2024-08-16T04:20:41 IST" name="setUpClass" finished-at="2024-08-16T04:20:42 IST" duration-ms="407" status="PASS">
          <params>
            <param index="0">
              <value>
                <![CDATA[org.testng.TestRunner@3721177d]]>
              </value>
            </param>
          </params>
          <reporter-output>
          </reporter-output>
        </test-method> <!-- setUpClass -->
        <test-method signature="runScenario(io.cucumber.testng.PickleWrapper,io.cucumber.testng.FeatureWrapper)[pri:0, instance:File_Runner.runner@3e3047e6]" started-at="2024-08-16T04:20:42 IST" name="runScenario" description="Runs Cucumber Scenarios" data-provider="scenarios" finished-at="2024-08-16T04:20:49 IST" duration-ms="7742" status="PASS">
          <params>
            <param index="0">
              <value>
                <![CDATA["Check details fill in the Form"]]>
              </value>
            </param>
            <param index="1">
              <value>
                <![CDATA["Fill Details of Simple Form"]]>
              </value>
            </param>
          </params>
          <reporter-output>
          </reporter-output>
        </test-method> <!-- runScenario -->
        <test-method is-config="true" signature="tearDownClass()[pri:0, instance:File_Runner.runner@3e3047e6]" started-at="2024-08-16T04:20:49 IST" name="tearDownClass" finished-at="2024-08-16T04:20:49 IST" duration-ms="30" status="PASS">
          <reporter-output>
          </reporter-output>
        </test-method> <!-- tearDownClass -->
      </class> <!-- File_Runner.runner -->
    </test> <!-- Surefire test -->
  </suite> <!-- Surefire suite -->
</testng-results>
